2023-06-30 12:49:06,301 DEBUG client.py Была вызвана функция create_arg_parser c параметрами (), {}. Вызов из модуля __main__. Вызов из функции main().Вызов из функции main
2023-06-30 12:49:06,301 INFO client.py Запущен клиент с парамертами: адрес сервера: 127.0.0.1, порт: 7777
2023-06-30 12:49:06,302 DEBUG client.py Сформировано presence сообщение для пользователя Guest
2023-06-30 12:49:06,302 DEBUG client.py Была вызвана функция create_presence c параметрами (), {}. Вызов из модуля __main__. Вызов из функции main().Вызов из функции main
2023-06-30 12:49:06,304 DEBUG client.py Разбор сообщения от сервера: {'response': 200}
2023-06-30 12:49:06,304 DEBUG client.py Была вызвана функция process_ans c параметрами ({'response': 200},), {}. Вызов из модуля __main__. Вызов из функции main().Вызов из функции main
2023-06-30 12:49:06,304 INFO client.py Принят ответ от сервера 200 : OK
2023-06-30 12:49:10,519 DEBUG client.py Была вызвана функция create_arg_parser c параметрами (), {}. Вызов из модуля __main__. Вызов из функции main().Вызов из функции main
2023-06-30 12:49:10,519 INFO client.py Запущен клиент с парамертами: адрес сервера: 127.0.0.1, порт: 7777
2023-06-30 12:49:10,519 DEBUG client.py Сформировано presence сообщение для пользователя Guest
2023-06-30 12:49:10,520 DEBUG client.py Была вызвана функция create_presence c параметрами (), {}. Вызов из модуля __main__. Вызов из функции main().Вызов из функции main
2023-06-30 12:49:10,521 DEBUG client.py Разбор сообщения от сервера: {'response': 200}
2023-06-30 12:49:10,521 DEBUG client.py Была вызвана функция process_ans c параметрами ({'response': 200},), {}. Вызов из модуля __main__. Вызов из функции main().Вызов из функции main
2023-06-30 12:49:10,521 INFO client.py Принят ответ от сервера 200 : OK
2023-06-30 12:49:31,012 DEBUG client.py Была вызвана функция create_arg_parser c параметрами (), {}. Вызов из модуля __main__. Вызов из функции main().Вызов из функции main
2023-06-30 12:49:31,013 INFO client.py Запущен клиент с парамертами: адрес сервера: 127.0.0.1, порт: 7777
2023-06-30 12:49:31,013 DEBUG client.py Сформировано presence сообщение для пользователя Guest
2023-06-30 12:49:31,014 DEBUG client.py Была вызвана функция create_presence c параметрами (), {}. Вызов из модуля __main__. Вызов из функции main().Вызов из функции main
2023-06-30 12:49:31,014 DEBUG client.py Разбор сообщения от сервера: {'response': 200}
2023-06-30 12:49:31,015 DEBUG client.py Была вызвана функция process_ans c параметрами ({'response': 200},), {}. Вызов из модуля __main__. Вызов из функции main().Вызов из функции main
2023-06-30 12:49:31,015 INFO client.py Принят ответ от сервера 200 : OK
2023-06-30 12:49:39,039 DEBUG client.py Была вызвана функция create_arg_parser c параметрами (), {}. Вызов из модуля __main__. Вызов из функции main().Вызов из функции main
2023-06-30 12:49:39,039 INFO client.py Запущен клиент с парамертами: адрес сервера: 127.0.0.1, порт: 7777
2023-06-30 12:49:39,040 DEBUG client.py Сформировано presence сообщение для пользователя Guest
2023-06-30 12:49:39,040 DEBUG client.py Была вызвана функция create_presence c параметрами (), {}. Вызов из модуля __main__. Вызов из функции main().Вызов из функции main
2023-06-30 12:49:39,041 DEBUG client.py Разбор сообщения от сервера: {'response': 200}
2023-06-30 12:49:39,041 DEBUG client.py Была вызвана функция process_ans c параметрами ({'response': 200},), {}. Вызов из модуля __main__. Вызов из функции main().Вызов из функции main
2023-06-30 12:49:39,041 INFO client.py Принят ответ от сервера 200 : OK
2023-06-30 12:50:27,624 DEBUG client.py Была вызвана функция create_arg_parser c параметрами (), {}. Вызов из модуля __main__. Вызов из функции main().Вызов из функции main
2023-06-30 12:50:27,624 INFO client.py Запущен клиент с парамертами: адрес сервера: 127.0.0.1, порт: 7777
2023-06-30 12:50:27,624 DEBUG client.py Сформировано presence сообщение для пользователя Guest
2023-06-30 12:50:27,625 DEBUG client.py Была вызвана функция create_presence c параметрами (), {}. Вызов из модуля __main__. Вызов из функции main().Вызов из функции main
2023-06-30 12:50:27,627 DEBUG client.py Разбор сообщения от сервера: {'response': 200}
2023-06-30 12:50:27,627 DEBUG client.py Была вызвана функция process_ans c параметрами ({'response': 200},), {}. Вызов из модуля __main__. Вызов из функции main().Вызов из функции main
2023-06-30 12:50:27,627 INFO client.py Принят ответ от сервера 200 : OK
2023-06-30 12:50:36,759 DEBUG client.py Была вызвана функция create_arg_parser c параметрами (), {}. Вызов из модуля __main__. Вызов из функции main().Вызов из функции main
2023-06-30 12:50:36,759 INFO client.py Запущен клиент с парамертами: адрес сервера: 127.0.0.1, порт: 7777
2023-06-30 12:50:36,760 DEBUG client.py Сформировано presence сообщение для пользователя Guest
2023-06-30 12:50:36,760 DEBUG client.py Была вызвана функция create_presence c параметрами (), {}. Вызов из модуля __main__. Вызов из функции main().Вызов из функции main
2023-06-30 12:50:36,761 DEBUG client.py Разбор сообщения от сервера: {'response': 200}
2023-06-30 12:50:36,761 DEBUG client.py Была вызвана функция process_ans c параметрами ({'response': 200},), {}. Вызов из модуля __main__. Вызов из функции main().Вызов из функции main
2023-06-30 12:50:36,761 INFO client.py Принят ответ от сервера 200 : OK
2023-06-30 12:50:41,174 DEBUG client.py Была вызвана функция create_arg_parser c параметрами (), {}. Вызов из модуля __main__. Вызов из функции main().Вызов из функции main
2023-06-30 12:50:41,174 INFO client.py Запущен клиент с парамертами: адрес сервера: 127.0.0.1, порт: 7777
2023-06-30 12:50:41,175 DEBUG client.py Сформировано presence сообщение для пользователя Guest
2023-06-30 12:50:41,175 DEBUG client.py Была вызвана функция create_presence c параметрами (), {}. Вызов из модуля __main__. Вызов из функции main().Вызов из функции main
2023-06-30 12:50:41,176 DEBUG client.py Разбор сообщения от сервера: {'response': 200}
2023-06-30 12:50:41,177 DEBUG client.py Была вызвана функция process_ans c параметрами ({'response': 200},), {}. Вызов из модуля __main__. Вызов из функции main().Вызов из функции main
2023-06-30 12:50:41,177 INFO client.py Принят ответ от сервера 200 : OK
2023-06-30 12:53:33,667 DEBUG client.py Была вызвана функция create_arg_parser c параметрами (), {}. Вызов из модуля __main__. Вызов из функции main().Вызов из функции main
2023-06-30 12:53:33,668 INFO client.py Запущен клиент с парамертами: адрес сервера: 127.0.0.1, порт: 7777
2023-06-30 12:53:33,668 DEBUG client.py Сформировано presence сообщение для пользователя Guest
2023-06-30 12:53:33,669 DEBUG client.py Была вызвана функция create_presence c параметрами (), {}. Вызов из модуля __main__. Вызов из функции main().Вызов из функции main
2023-06-30 12:53:33,670 DEBUG client.py Разбор сообщения от сервера: {'response': 200}
2023-06-30 12:53:33,671 DEBUG client.py Была вызвана функция process_ans c параметрами ({'response': 200},), {}. Вызов из модуля __main__. Вызов из функции main().Вызов из функции main
2023-06-30 12:53:33,671 INFO client.py Принят ответ от сервера 200 : OK
2023-06-30 12:56:31,128 DEBUG client.py Была вызвана функция create_arg_parser c параметрами (), {}. Вызов из модуля __main__. Вызов из функции main().Вызов из функции main
2023-06-30 12:56:31,128 INFO client.py Запущен клиент с парамертами: адрес сервера: 127.0.0.1, порт: 7777
2023-06-30 12:56:31,128 DEBUG client.py Сформировано presence сообщение для пользователя Guest
2023-06-30 12:56:31,129 DEBUG client.py Была вызвана функция create_presence c параметрами (), {}. Вызов из модуля __main__. Вызов из функции main().Вызов из функции main
2023-06-30 12:56:31,130 DEBUG client.py Разбор сообщения от сервера: {'response': 200}
2023-06-30 12:56:31,131 DEBUG client.py Была вызвана функция process_ans c параметрами ({'response': 200},), {}. Вызов из модуля __main__. Вызов из функции main().Вызов из функции main
2023-06-30 12:56:31,131 INFO client.py Принят ответ от сервера 200 : OK
